2020-03-19 09:44:00,734 INFO notifyConnectTimeout:200

2020-03-19 09:44:00,736 INFO notifySocketTimeout:8000

2020-03-19 09:44:00,736 INFO isHealthCheck:true

2020-03-19 09:44:00,736 INFO maxHealthCheckFailCount:12

2020-03-19 09:44:00,736 INFO maxContent:10485760

2020-03-19 09:44:02,685 INFO ServerListService address-server port:8080

2020-03-19 09:44:02,685 INFO ADDRESS_SERVER_URL:http://jmenv.tbsite.net:8080/nacos/serverlist

2020-03-19 09:44:02,686 WARN [serverlist] updated to [192.168.181.17:8848]

2020-03-19 09:44:02,741 WARN DumpService start

2020-03-19 09:44:02,743 INFO start clear all config-info.

2020-03-19 09:44:02,748 WARN clear all config-info failed.

2020-03-19 09:44:02,748 WARN clear all config-info-tenant failed.

2020-03-19 09:44:02,798 INFO start clear all config-info-beta.

2020-03-19 09:44:02,798 WARN clear all config-info-beta failed.

2020-03-19 09:44:02,798 WARN clear all config-info-beta-tenant failed.

2020-03-19 09:44:02,807 INFO start clear all config-info-tag.

2020-03-19 09:44:02,807 WARN clear all config-info-tag failed.

2020-03-19 09:44:02,807 WARN clear all config-info-tag-tenant failed.

2020-03-19 09:51:18,060 INFO notifyConnectTimeout:200

2020-03-19 09:51:18,061 INFO notifySocketTimeout:8000

2020-03-19 09:51:18,062 INFO isHealthCheck:true

2020-03-19 09:51:18,062 INFO maxHealthCheckFailCount:12

2020-03-19 09:51:18,062 INFO maxContent:10485760

2020-03-19 09:51:18,564 INFO Schema 'NACOS' already exists.

2020-03-19 09:51:18,602 INFO Table/View 'CONFIG_INFO' already exists in Schema 'NACOS'.

2020-03-19 09:51:18,629 INFO Table/View 'HIS_CONFIG_INFO' already exists in Schema 'NACOS'.

2020-03-19 09:51:18,642 INFO Table/View 'CONFIG_INFO_BETA' already exists in Schema 'NACOS'.

2020-03-19 09:51:18,649 INFO Table/View 'CONFIG_INFO_TAG' already exists in Schema 'NACOS'.

2020-03-19 09:51:18,655 INFO Table/View 'CONFIG_INFO_AGGR' already exists in Schema 'NACOS'.

2020-03-19 09:51:18,663 INFO Table/View 'APP_LIST' already exists in Schema 'NACOS'.

2020-03-19 09:51:18,668 INFO Table/View 'APP_CONFIGDATA_RELATION_SUBS' already exists in Schema 'NACOS'.

2020-03-19 09:51:18,674 INFO Table/View 'APP_CONFIGDATA_RELATION_PUBS' already exists in Schema 'NACOS'.

2020-03-19 09:51:18,681 INFO Table/View 'CONFIG_TAGS_RELATION' already exists in Schema 'NACOS'.

2020-03-19 09:51:18,688 INFO Table/View 'GROUP_CAPACITY' already exists in Schema 'NACOS'.

2020-03-19 09:51:18,694 INFO Table/View 'TENANT_CAPACITY' already exists in Schema 'NACOS'.

2020-03-19 09:51:18,700 INFO Table/View 'TENANT_INFO' already exists in Schema 'NACOS'.

2020-03-19 09:51:18,707 INFO Table/View 'USERS' already exists in Schema 'NACOS'.

2020-03-19 09:51:18,712 INFO Table/View 'ROLES' already exists in Schema 'NACOS'.

2020-03-19 09:51:18,718 INFO Table/View 'PERMISSIONS' already exists in Schema 'NACOS'.

2020-03-19 09:51:18,774 INFO The statement was aborted because it would have caused a duplicate key value in a unique or primary key constraint or unique index identified by 'SQL200319094401630' defined on 'USERS'.

2020-03-19 09:51:18,778 INFO The statement was aborted because it would have caused a duplicate key value in a unique or primary key constraint or unique index identified by 'UK_USERNAME_ROLE' defined on 'ROLES'.

2020-03-19 09:51:19,713 INFO ServerListService address-server port:8080

2020-03-19 09:51:19,713 INFO ADDRESS_SERVER_URL:http://jmenv.tbsite.net:8080/nacos/serverlist

2020-03-19 09:51:19,714 WARN [serverlist] updated to [192.168.181.17:8848]

2020-03-19 09:51:19,773 WARN DumpService start

2020-03-19 09:51:19,775 INFO start clear all config-info.

2020-03-19 09:51:19,779 WARN clear all config-info failed.

2020-03-19 09:51:19,780 WARN clear all config-info-tenant failed.

2020-03-19 09:51:19,827 INFO start clear all config-info-beta.

2020-03-19 09:51:19,827 WARN clear all config-info-beta failed.

2020-03-19 09:51:19,827 WARN clear all config-info-beta-tenant failed.

2020-03-19 09:51:19,834 INFO start clear all config-info-tag.

2020-03-19 09:51:19,834 WARN clear all config-info-tag failed.

2020-03-19 09:51:19,834 WARN clear all config-info-tag-tenant failed.

