2020-03-19 09:43:58,456 INFO Starting Nacos v1.2.0 on PTBZ-NJQ with PID 17380 (D:\nacos-server-1.2.0\nacos\target\nacos-server.jar started by jinqiang.ning in D:\nacos-server-1.2.0\nacos\bin)

2020-03-19 09:43:58,458 INFO The following profiles are active: standalone

2020-03-19 09:43:59,825 INFO Bean 'org.springframework.security.config.annotation.configuration.ObjectPostProcessorConfiguration' of type [org.springframework.security.config.annotation.configuration.ObjectPostProcessorConfiguration$$EnhancerBySpringCGLIB$$c3fffa94] is not eligible for getting processed by all BeanPostProcessors (for example: not eligible for auto-proxying)

2020-03-19 09:43:59,888 INFO Bean 'objectPostProcessor' of type [org.springframework.security.config.annotation.configuration.AutowireBeanFactoryObjectPostProcessor] is not eligible for getting processed by all BeanPostProcessors (for example: not eligible for auto-proxying)

2020-03-19 09:43:59,890 INFO Bean 'org.springframework.security.access.expression.method.DefaultMethodSecurityExpressionHandler@c430e6c' of type [org.springframework.security.access.expression.method.DefaultMethodSecurityExpressionHandler] is not eligible for getting processed by all BeanPostProcessors (for example: not eligible for auto-proxying)

2020-03-19 09:43:59,892 INFO Bean 'org.springframework.security.config.annotation.method.configuration.GlobalMethodSecurityConfiguration' of type [org.springframework.security.config.annotation.method.configuration.GlobalMethodSecurityConfiguration$$EnhancerBySpringCGLIB$$e8d49d46] is not eligible for getting processed by all BeanPostProcessors (for example: not eligible for auto-proxying)

2020-03-19 09:43:59,895 INFO Bean 'methodSecurityMetadataSource' of type [org.springframework.security.access.method.DelegatingMethodSecurityMetadataSource] is not eligible for getting processed by all BeanPostProcessors (for example: not eligible for auto-proxying)

2020-03-19 09:44:00,442 INFO Tomcat initialized with port(s): 8848 (http)

2020-03-19 09:44:00,461 INFO Starting service [Tomcat]

2020-03-19 09:44:00,461 INFO Starting Servlet Engine: Apache Tomcat/9.0.13

2020-03-19 09:44:00,471 INFO The APR based Apache Tomcat Native library which allows optimal performance in production environments was not found on the java.library.path: [C:\Program Files\Java\jdk1.8.0_212\bin;C:\Windows\Sun\Java\bin;C:\Windows\system32;C:\Windows;C:\Program Files (x86)\Common Files\Oracle\Java\javapath;C:\Program Files\Microsoft MPI\Bin\;C:\Windows\system32;C:\Windows;C:\Windows\System32\Wbem;C:\Windows\System32\WindowsPowerShell\v1.0\;C:\Windows\System32\OpenSSH\;D:\Git\cmd;D:\mysql-8.0.16-winx64\bin;C:\ProgramData\chocolatey\bin;D:\NodeJS\;D:\apache-maven-3.2.3\bin;D:\Redis\;C:\Users\jinqiang.ning\AppData\Local\Programs\Python\Python37\Scripts\;C:\Users\jinqiang.ning\AppData\Local\Programs\Python\Python37\;C:\Users\jinqiang.ning\AppData\Local\Microsoft\WindowsApps;;D:\IntelliJ IDEA 2019.1.3\bin;;D:\PyCharm 2019.2\bin;;D:\Fiddler;C:\Users\jinqiang.ning\AppData\Roaming\npm;.]

2020-03-19 09:44:00,536 INFO Initializing Spring embedded WebApplicationContext

2020-03-19 09:44:00,536 INFO Root WebApplicationContext: initialization completed in 2039 ms

2020-03-19 09:44:02,136 INFO Reflections took 29 ms to scan 1 urls, producing 6 keys and 24 values 

2020-03-19 09:44:02,167 INFO Reflections took 3 ms to scan 1 urls, producing 2 keys and 12 values 

2020-03-19 09:44:02,174 INFO Reflections took 4 ms to scan 1 urls, producing 3 keys and 15 values 

2020-03-19 09:44:02,831 INFO Use Mysql as the driver

2020-03-19 09:44:03,269 INFO Initializing ExecutorService 'applicationTaskExecutor'

2020-03-19 09:44:03,397 INFO Adding welcome page: class path resource [static/index.html]

2020-03-19 09:44:03,646 INFO Creating filter chain: Ant [pattern='/**'], []

2020-03-19 09:44:03,671 INFO Creating filter chain: any request, [org.springframework.security.web.context.request.async.WebAsyncManagerIntegrationFilter@15a902e7, org.springframework.security.web.context.SecurityContextPersistenceFilter@669513d8, org.springframework.security.web.header.HeaderWriterFilter@403132fc, org.springframework.security.web.csrf.CsrfFilter@7c041b41, org.springframework.security.web.authentication.logout.LogoutFilter@664a9613, org.springframework.security.web.savedrequest.RequestCacheAwareFilter@4a8a60bc, org.springframework.security.web.servletapi.SecurityContextHolderAwareRequestFilter@285d851a, org.springframework.security.web.authentication.AnonymousAuthenticationFilter@7876d598, org.springframework.security.web.session.SessionManagementFilter@2cab9998, org.springframework.security.web.access.ExceptionTranslationFilter@61078690]

2020-03-19 09:44:03,739 INFO Exposing 2 endpoint(s) beneath base path '/actuator'

2020-03-19 09:44:03,761 INFO Initializing ExecutorService 'taskScheduler'

2020-03-19 09:44:03,835 INFO Tomcat started on port(s): 8848 (http) with context path '/nacos'

2020-03-19 09:44:03,840 INFO Started Nacos in 6.063 seconds (JVM running for 6.579)

2020-03-19 09:44:03,841 INFO Nacos logs files: D:\nacos-server-1.2.0\nacos\logs\

2020-03-19 09:44:03,841 INFO Nacos conf files: D:\nacos-server-1.2.0\nacos\conf\

2020-03-19 09:44:03,841 INFO Nacos data files: D:\nacos-server-1.2.0\nacos\data\

2020-03-19 09:44:03,842 INFO Nacos started successfully in stand alone mode.

2020-03-19 09:44:03,929 INFO Initializing Spring DispatcherServlet 'dispatcherServlet'

2020-03-19 09:44:03,929 INFO Initializing Servlet 'dispatcherServlet'

2020-03-19 09:44:03,938 INFO Completed initialization in 8 ms

2020-03-19 09:51:15,787 INFO Starting Nacos v1.2.0 on PTBZ-NJQ with PID 2368 (D:\nacos-server-1.2.0\nacos\target\nacos-server.jar started by jinqiang.ning in D:\nacos-server-1.2.0\nacos\bin)

2020-03-19 09:51:15,789 INFO The following profiles are active: standalone

2020-03-19 09:51:17,167 INFO Bean 'org.springframework.security.config.annotation.configuration.ObjectPostProcessorConfiguration' of type [org.springframework.security.config.annotation.configuration.ObjectPostProcessorConfiguration$$EnhancerBySpringCGLIB$$b57aa7b8] is not eligible for getting processed by all BeanPostProcessors (for example: not eligible for auto-proxying)

2020-03-19 09:51:17,228 INFO Bean 'objectPostProcessor' of type [org.springframework.security.config.annotation.configuration.AutowireBeanFactoryObjectPostProcessor] is not eligible for getting processed by all BeanPostProcessors (for example: not eligible for auto-proxying)

2020-03-19 09:51:17,230 INFO Bean 'org.springframework.security.access.expression.method.DefaultMethodSecurityExpressionHandler@5745ca0e' of type [org.springframework.security.access.expression.method.DefaultMethodSecurityExpressionHandler] is not eligible for getting processed by all BeanPostProcessors (for example: not eligible for auto-proxying)

2020-03-19 09:51:17,231 INFO Bean 'org.springframework.security.config.annotation.method.configuration.GlobalMethodSecurityConfiguration' of type [org.springframework.security.config.annotation.method.configuration.GlobalMethodSecurityConfiguration$$EnhancerBySpringCGLIB$$da4f4a6a] is not eligible for getting processed by all BeanPostProcessors (for example: not eligible for auto-proxying)

2020-03-19 09:51:17,235 INFO Bean 'methodSecurityMetadataSource' of type [org.springframework.security.access.method.DelegatingMethodSecurityMetadataSource] is not eligible for getting processed by all BeanPostProcessors (for example: not eligible for auto-proxying)

2020-03-19 09:51:17,783 INFO Tomcat initialized with port(s): 8848 (http)

2020-03-19 09:51:17,803 INFO Starting service [Tomcat]

2020-03-19 09:51:17,803 INFO Starting Servlet Engine: Apache Tomcat/9.0.13

2020-03-19 09:51:17,812 INFO The APR based Apache Tomcat Native library which allows optimal performance in production environments was not found on the java.library.path: [C:\Program Files\Java\jdk1.8.0_212\bin;C:\Windows\Sun\Java\bin;C:\Windows\system32;C:\Windows;C:\Program Files (x86)\Common Files\Oracle\Java\javapath;C:\Program Files\Microsoft MPI\Bin\;C:\Windows\system32;C:\Windows;C:\Windows\System32\Wbem;C:\Windows\System32\WindowsPowerShell\v1.0\;C:\Windows\System32\OpenSSH\;D:\Git\cmd;D:\mysql-8.0.16-winx64\bin;C:\ProgramData\chocolatey\bin;D:\NodeJS\;D:\apache-maven-3.2.3\bin;D:\Redis\;C:\Users\jinqiang.ning\AppData\Local\Programs\Python\Python37\Scripts\;C:\Users\jinqiang.ning\AppData\Local\Programs\Python\Python37\;C:\Users\jinqiang.ning\AppData\Local\Microsoft\WindowsApps;;D:\IntelliJ IDEA 2019.1.3\bin;;D:\PyCharm 2019.2\bin;;D:\Fiddler;C:\Users\jinqiang.ning\AppData\Roaming\npm;.]

2020-03-19 09:51:17,874 INFO Initializing Spring embedded WebApplicationContext

2020-03-19 09:51:17,874 INFO Root WebApplicationContext: initialization completed in 2045 ms

2020-03-19 09:51:19,200 INFO Reflections took 29 ms to scan 1 urls, producing 6 keys and 24 values 

2020-03-19 09:51:19,230 INFO Reflections took 3 ms to scan 1 urls, producing 2 keys and 12 values 

2020-03-19 09:51:19,236 INFO Reflections took 4 ms to scan 1 urls, producing 3 keys and 15 values 

2020-03-19 09:51:19,855 INFO Use Mysql as the driver

2020-03-19 09:51:20,269 INFO Initializing ExecutorService 'applicationTaskExecutor'

2020-03-19 09:51:20,383 INFO Adding welcome page: class path resource [static/index.html]

2020-03-19 09:51:20,593 INFO Creating filter chain: Ant [pattern='/**'], []

2020-03-19 09:51:20,617 INFO Creating filter chain: any request, [org.springframework.security.web.context.request.async.WebAsyncManagerIntegrationFilter@4a335fa8, org.springframework.security.web.context.SecurityContextPersistenceFilter@2b43529a, org.springframework.security.web.header.HeaderWriterFilter@1623134f, org.springframework.security.web.csrf.CsrfFilter@5ce33a58, org.springframework.security.web.authentication.logout.LogoutFilter@2783717b, org.springframework.security.web.savedrequest.RequestCacheAwareFilter@5b04476e, org.springframework.security.web.servletapi.SecurityContextHolderAwareRequestFilter@c260bdc, org.springframework.security.web.authentication.AnonymousAuthenticationFilter@3f363cf5, org.springframework.security.web.session.SessionManagementFilter@485a3466, org.springframework.security.web.access.ExceptionTranslationFilter@546ccad7]

2020-03-19 09:51:20,682 INFO Exposing 2 endpoint(s) beneath base path '/actuator'

2020-03-19 09:51:20,704 INFO Initializing ExecutorService 'taskScheduler'

2020-03-19 09:51:20,780 INFO Tomcat started on port(s): 8848 (http) with context path '/nacos'

2020-03-19 09:51:20,785 INFO Started Nacos in 5.689 seconds (JVM running for 6.199)

2020-03-19 09:51:20,786 INFO Nacos logs files: D:\nacos-server-1.2.0\nacos\logs\

2020-03-19 09:51:20,786 INFO Nacos conf files: D:\nacos-server-1.2.0\nacos\conf\

2020-03-19 09:51:20,787 INFO Nacos data files: D:\nacos-server-1.2.0\nacos\data\

2020-03-19 09:51:20,787 INFO Nacos started successfully in stand alone mode.

2020-03-19 09:51:20,875 INFO Initializing Spring DispatcherServlet 'dispatcherServlet'

2020-03-19 09:51:20,875 INFO Initializing Servlet 'dispatcherServlet'

2020-03-19 09:51:20,882 INFO Completed initialization in 6 ms

